<?xml version="1.0" encoding="UTF-8"?>
<!-- Generated by org.testng.reporters.JUnitReportReporter -->
<testsuite hostname="DESKTOP-LNUIH2U" failures="0" tests="1" name="testPackage.TC_RemoveProductFromCart_002_Test" time="24.896" errors="0" timestamp="2025-03-18T12:11:30 IST" skipped="0">
  <testcase classname="testPackage.TC_RemoveProductFromCart_002_Test" name="removeProductFromCart" time="24.896">
    <system-out>
      <![CDATA[product is removed from cart]]>
    </system-out>
  </testcase> <!-- removeProductFromCart -->
  <system-out>
    <![CDATA[product is removed from cart]]>
  </system-out>
</testsuite> <!-- testPackage.TC_RemoveProductFromCart_002_Test -->
